mode: set
github.com/small-frappuccino/discordcore/pkg/discord/session/session.go:14.50,14.69 1 0
github.com/small-frappuccino/discordcore/pkg/discord/session/session.go:15.50,15.70 1 0
github.com/small-frappuccino/discordcore/pkg/discord/session/session.go:20.67,21.14 1 0
github.com/small-frappuccino/discordcore/pkg/discord/session/session.go:21.14,23.3 1 0
github.com/small-frappuccino/discordcore/pkg/discord/session/session.go:25.2,26.83 2 0
github.com/small-frappuccino/discordcore/pkg/discord/session/session.go:26.83,28.3 1 0
github.com/small-frappuccino/discordcore/pkg/discord/session/session.go:30.2,30.39 1 0
github.com/small-frappuccino/discordcore/pkg/discord/session/session.go:30.39,33.3 2 0
github.com/small-frappuccino/discordcore/pkg/discord/session/session.go:35.2,35.9 1 0
github.com/small-frappuccino/discordcore/pkg/discord/session/session.go:36.20,39.70 3 0
github.com/small-frappuccino/discordcore/pkg/discord/session/session.go:40.17,41.13 1 0
github.com/small-frappuccino/discordcore/pkg/discord/session/session.go:60.66,62.2 1 1
github.com/small-frappuccino/discordcore/pkg/discord/session/session.go:65.103,69.17 2 1
github.com/small-frappuccino/discordcore/pkg/discord/session/session.go:69.17,72.3 2 1
github.com/small-frappuccino/discordcore/pkg/discord/session/session.go:75.2,78.16 3 1
github.com/small-frappuccino/discordcore/pkg/discord/session/session.go:78.16,81.3 2 1
github.com/small-frappuccino/discordcore/pkg/discord/session/session.go:83.2,84.18 2 1
github.com/small-frappuccino/discordcore/pkg/discord/session/session.go:84.18,86.3 1 0
github.com/small-frappuccino/discordcore/pkg/discord/session/session.go:87.2,89.15 2 1
